2021-01-23T11:34:52.681Z: [xenknight] [5ms] SELECT users.phone_number FROM users WHERE users.identifier = ? : ["steam:11000010441bee9"]
2021-01-23T11:34:52.732Z: [xenknight] [1ms] SELECT * FROM phone_users_contacts WHERE phone_users_contacts.identifier = ? : ["steam:11000010441bee9"]
2021-01-23T11:34:52.785Z: [xenknight] [1ms] SELECT phone_messages.* FROM phone_messages LEFT JOIN users ON users.identifier = ? WHERE phone_messages.receiver = users.phone_number : ["steam:11000010441bee9"]
2021-01-23T11:34:52.843Z: [xenknight] [5ms] SELECT * FROM phone_calls WHERE phone_calls.owner = ? ORDER BY time DESC LIMIT 120 : ["169-0522"]
2021-01-23T11:34:53.754Z: [esx_jb_weashops] [3ms] SELECT * FROM weashops : []
2021-01-23T11:34:53.757Z: [esplugin_mysql] [5ms] SELECT COUNT(1) FROM users WHERE identifier = ? : ["steam:11000010441bee9"]
2021-01-23T11:34:53.761Z: [esx_license] [10ms] SELECT type FROM user_licenses WHERE owner = ? : ["steam:11000010441bee9"]
2021-01-23T11:34:53.807Z: [esplugin_mysql] [2ms] SELECT * FROM users WHERE `identifier`=?; : ["steam:11000010441bee9"]
2021-01-23T11:34:53.866Z: [esx_license] [6ms] SELECT label FROM licenses WHERE type = ? : ["weapon"]
2021-01-23T11:34:53.872Z: [esx_license] [11ms] SELECT label FROM licenses WHERE type = ? : ["dmv"]
2021-01-23T11:34:53.876Z: [xenknight] [13ms] SELECT users.phone_number FROM users WHERE users.identifier = ? : ["steam:11000010441bee9"]
2021-01-23T11:34:53.880Z: [esx_identity] [16ms] SELECT identifier, firstname, lastname, dateofbirth, sex, height FROM `users` WHERE `identifier` = ? : ["steam:11000010441bee9"]
2021-01-23T11:34:53.884Z: [esx_license] [24ms] SELECT label FROM licenses WHERE type = ? : ["drive"]
2021-01-23T11:34:53.920Z: [es_extended] [6ms] UPDATE `users` SET `name` = ? WHERE `identifier` = ? : ["#Sikora","steam:11000010441bee9"]
2021-01-23T11:34:53.928Z: [es_extended] [13ms] SELECT job, job_grade, loadout, position, phone_number FROM `users` WHERE `identifier` = ? : ["steam:11000010441bee9"]
2021-01-23T11:34:53.934Z: [es_extended] [19ms] SELECT * FROM `user_accounts` WHERE `identifier` = ? : ["steam:11000010441bee9"]
2021-01-23T11:34:53.940Z: [xenknight] [23ms] SELECT * FROM phone_users_contacts WHERE phone_users_contacts.identifier = ? : ["steam:11000010441bee9"]
2021-01-23T11:34:53.945Z: [es_extended] [30ms] SELECT * FROM `user_inventory` WHERE `identifier` = ? : ["steam:11000010441bee9"]
2021-01-23T11:34:53.971Z: [es_extended] [2ms] SELECT * FROM `user_accounts` WHERE `identifier` = ? : ["steam:11000010441bee9"]
2021-01-23T11:34:53.977Z: [xenknight] [7ms] SELECT phone_messages.* FROM phone_messages LEFT JOIN users ON users.identifier = ? WHERE phone_messages.receiver = users.phone_number : ["steam:11000010441bee9"]
2021-01-23T11:34:54.036Z: [esx_license] [13ms] SELECT type FROM user_licenses WHERE owner = ? : ["steam:11000010441bee9"]
2021-01-23T11:34:54.042Z: [esx_armor] [14ms] SELECT armour FROM users WHERE identifier = ? : ["steam:11000010441bee9"]
2021-01-23T11:34:54.047Z: [esx_addons_xenknight] [15ms] SELECT * FROM users WHERE identifier = ? : ["steam:11000010441bee9"]
2021-01-23T11:34:54.052Z: [esx_status] [18ms] SELECT status FROM users WHERE identifier = ? : ["steam:11000010441bee9"]
2021-01-23T11:34:54.057Z: [esx_license] [24ms] SELECT type FROM user_licenses WHERE owner = ? : ["steam:11000010441bee9"]
2021-01-23T11:34:54.137Z: [esx_vehicleshop] [11ms] SELECT * FROM owned_vehicles WHERE owner = ? : ["steam:11000010441bee9"]
2021-01-23T11:34:54.143Z: [esx_lscustom] [16ms] SELECT * FROM vehicles : []
2021-01-23T11:34:54.148Z: [pljackekuca] [18ms] SELECT kpljacka FROM users WHERE identifier = ? : ["steam:11000010441bee9"]
2021-01-23T11:34:54.152Z: [trunkinv] [23ms] SELECT * FROM owned_vehicles WHERE owner = ? : ["steam:11000010441bee9"]
2021-01-23T11:34:54.158Z: [loaf_housing] [26ms] SELECT * FROM users WHERE identifier = ? : ["steam:11000010441bee9"]
2021-01-23T11:34:54.163Z: [esx_license] [30ms] SELECT label FROM licenses WHERE type = ? : ["dmv"]
2021-01-23T11:34:54.170Z: [esx_license] [36ms] SELECT label FROM licenses WHERE type = ? : ["dmv"]
2021-01-23T11:34:54.177Z: [esx_license] [43ms] SELECT label FROM licenses WHERE type = ? : ["weapon"]
2021-01-23T11:34:54.187Z: [esx_license] [53ms] SELECT label FROM licenses WHERE type = ? : ["drive"]
2021-01-23T11:34:54.194Z: [esx_lscustom] [67ms] SELECT * FROM vehicles : []
2021-01-23T11:34:54.200Z: [esx_license] [66ms] SELECT label FROM licenses WHERE type = ? : ["weapon"]
2021-01-23T11:34:54.205Z: [esx_license] [71ms] SELECT label FROM licenses WHERE type = ? : ["drive"]
2021-01-23T11:34:54.210Z: [loaf_housing] [25ms] SELECT * FROM bought_houses : []
2021-01-23T11:34:54.247Z: [vockice] [3ms] SELECT zeton FROM users WHERE ?=identifier : ["steam:11000010441bee9"]
2021-01-23T11:34:54.253Z: [pljackekuca] [11ms] SELECT kpljacka FROM users WHERE identifier = ? : ["steam:11000010441bee9"]
2021-01-23T11:34:54.259Z: [esx_reporter] [20ms] SELECT * FROM vijesti : []
2021-01-23T11:34:58.752Z: [esx_jb_weashops] [4ms] SELECT * FROM weashops : []
2021-01-23T11:34:58.758Z: [esx_license] [9ms] SELECT type FROM user_licenses WHERE owner = ? : ["steam:11000010441bee9"]
2021-01-23T11:34:58.856Z: [esx_license] [2ms] SELECT label FROM licenses WHERE type = ? : ["dmv"]
2021-01-23T11:34:58.863Z: [esx_license] [8ms] SELECT label FROM licenses WHERE type = ? : ["drive"]
2021-01-23T11:34:58.869Z: [esx_license] [14ms] SELECT label FROM licenses WHERE type = ? : ["weapon"]
2021-01-23T11:34:58.911Z: [esx_anticheat] [1ms] SELECT * FROM `baninfo` WHERE `identifier` = ? : ["steam:11000010441bee9"]
2021-01-23T11:34:58.968Z: [esx_anticheat] [2ms] UPDATE `baninfo` SET `license` = ?, `liveid` = ?, `xblid` = ?, `discord` = ?, `playerip` = ?, `playername` = ? WHERE `identifier` = ? : ["no info","no info","no info","no info","ip:127.0.0.1","#Sikora","steam:11000010441bee9"]
2021-01-23T11:35:01.148Z: [esx_biznisi] [2ms] SELECT Ime FROM biznisi WHERE Vlasnik = ? : ["steam:11000010441bee9"]
2021-01-23T11:35:10.745Z: [esx-races] [74ms] SELECT permission_level FROM users WHERE identifier = ? : ["steam:11000010441bee9"]
2021-01-23T11:35:10.750Z: [loaf_housing] [17ms] SELECT last_house FROM users WHERE identifier = ? : ["steam:11000010441bee9"]
2021-01-23T11:35:10.757Z: [esx-races] [45ms] SELECT permission_level FROM users WHERE identifier = ? : ["steam:11000010441bee9"]
2021-01-23T11:35:10.764Z: [esx_ambulancejob] [53ms] SELECT is_dead FROM users WHERE identifier = ? : ["steam:11000010441bee9"]
2021-01-23T11:35:10.771Z: [esx-races] [36ms] SELECT permission_level FROM users WHERE identifier = ? : ["steam:11000010441bee9"]
2021-01-23T11:35:10.778Z: [esx_lov] [38ms] SELECT lov FROM users WHERE identifier = ? : ["steam:11000010441bee9"]
2021-01-23T11:35:10.783Z: [esx_skin] [42ms] SELECT skin FROM users WHERE identifier = ? : ["steam:11000010441bee9"]
2021-01-23T11:35:10.789Z: [skriptice] [52ms] UPDATE users SET zadnji_login=? WHERE identifier=? : ["23/01/2021 12:35:10","steam:11000010441bee9"]
2021-01-23T11:35:10.852Z: [xnTattoos] [2ms] SELECT tattoos FROM users WHERE identifier = ? : ["steam:11000010441bee9"]
2021-01-23T11:35:11.680Z: [esx_rpchat] [2ms] SELECT mute FROM users WHERE identifier = ? : ["steam:11000010441bee9"]
2021-01-23T11:35:11.986Z: [esplugin_mysql] [2ms] UPDATE users SET `bank`=?, `money`=? WHERE `identifier`=? : [144900,0,"steam:11000010441bee9"]
2021-01-23T11:35:13.692Z: [esx_zatvorkazne] [4ms] SELECT actions_remaining FROM communityservice WHERE identifier = ? : ["steam:11000010441bee9"]
2021-01-23T11:35:19.088Z: [esx-qalle-jail] [2ms] SELECT jail FROM users WHERE identifier = ? : ["steam:11000010441bee9"]
2021-01-23T11:35:20.638Z: [esx_apijaca] [2ms] SELECT * FROM vehicles_for_sale WHERE seller = ? AND prodan = 1 : ["steam:11000010441bee9"]
2021-01-23T11:36:06.319Z: [mysql-async] [9ms] SHOW GLOBAL STATUS : []
2021-01-23T11:36:06.327Z: [mysql-async] [17ms] SHOW GLOBAL VARIABLES : []
2021-01-23T11:36:12.059Z: [esplugin_mysql] [1ms] UPDATE users SET `bank`=?, `money`=? WHERE `identifier`=? : [144900,0,"steam:11000010441bee9"]
2021-01-23T11:36:30.497Z: [mysql-async] [6ms] SHOW GLOBAL STATUS : []
2021-01-23T11:36:30.506Z: [mysql-async] [15ms] SHOW GLOBAL VARIABLES : []
2021-01-23T11:37:00.831Z: [mysql-async] [7ms] SHOW GLOBAL STATUS : []
2021-01-23T11:37:00.839Z: [mysql-async] [15ms] SHOW GLOBAL VARIABLES : []
2021-01-23T11:37:12.114Z: [esplugin_mysql] [3ms] UPDATE users SET `bank`=?, `money`=? WHERE `identifier`=? : [144900,0,"steam:11000010441bee9"]
2021-01-23T11:37:25.737Z: [essentialmode] [1ms] SELECT * FROM users WHERE identifier = ? : ["steam:11000010441bee9"]
2021-01-23T11:37:27.827Z: [essentialmode] [1ms] SELECT * FROM users WHERE identifier = ? : ["steam:11000010441bee9"]
2021-01-23T11:37:28.231Z: [manual] [2ms] SELECT mjenjac FROM owned_vehicles WHERE plate = ? : ["84CFJ531"]
2021-01-23T11:38:12.209Z: [esplugin_mysql] [1ms] UPDATE users SET `bank`=?, `money`=? WHERE `identifier`=? : [144900,0,"steam:11000010441bee9"]
2021-01-23T11:39:10.829Z: [es_extended] [3ms] UPDATE users SET `job` = ?, `money` = ?, `job_grade` = ?, `loadout` = ?, `position` = ? WHERE identifier = ? : ["police",0,3,"[{\"ammo\":0,\"label\":\"Nightstick\",\"components\":[],\"name\":\"WEAPON_NIGHTSTICK\"},{\"ammo\":0,\"label\":\"Crow bar\",\"components\":[],\"name\":\"WEAPON_CROWBAR\"},{\"ammo\":0,\"label\":\"AP pistol\",\"components\":[\"clip_default\"],\"name\":\"WEAPON_APPISTOL\"},{\"ammo\":0,\"label\":\"Advanced rifle\",\"components\":[\"clip_default\"],\"name\":\"WEAPON_ADVANCEDRIFLE\"},{\"ammo\":250,\"label\":\"Taser\",\"components\":[],\"name\":\"WEAPON_STUNGUN\"},{\"ammo\":0,\"label\":\"Flashlight\",\"components\":[],\"name\":\"WEAPON_FLASHLIGHT\"}]","{\"y\":-2391.5,\"z\":13.4,\"x\":-1432.1}","steam:11000010441bee9"]
2021-01-23T11:39:12.296Z: [esplugin_mysql] [3ms] UPDATE users SET `bank`=?, `money`=? WHERE `identifier`=? : [144900,0,"steam:11000010441bee9"]
2021-01-23T11:39:58.766Z: [xnTattoos] [2ms] SELECT tattoos FROM users WHERE identifier = ? : ["steam:11000010441bee9"]
2021-01-23T11:40:10.806Z: [es_extended] [2ms] SELECT job_name, name, salary FROM job_grades : []
2021-01-23T11:40:10.911Z: [es_extended] [1ms] SELECT kredit, rata, brplaca FROM users WHERE identifier = ? : ["steam:11000010441bee9"]
2021-01-23T11:40:11.018Z: [es_extended] [3ms] UPDATE users SET brplaca=? WHERE identifier=? : [162,"steam:11000010441bee9"]
2021-01-23T11:40:12.383Z: [esplugin_mysql] [1ms] UPDATE users SET `bank`=?, `money`=? WHERE `identifier`=? : [144900,0,"steam:11000010441bee9"]
2021-01-23T11:40:15.918Z: [esx_addonaccount] [2ms] UPDATE addon_account_data SET money = ? WHERE account_name = ? : [3581549,"society_police"]
2021-01-23T11:40:15.922Z: [es_extended] [6ms] SELECT * FROM billing WHERE identifier = ? : ["steam:11000010441bee9"]
2021-01-23T11:40:15.926Z: [esx_addonaccount] [10ms] UPDATE addon_account_data SET money = ? WHERE account_name = ? : [3581549,"society_police"]
2021-01-23T11:40:15.970Z: [es_extended] [2ms] UPDATE users SET `job` = ?, `money` = ?, `job_grade` = ?, `loadout` = ?, `position` = ? WHERE identifier = ? : ["police",0,3,"[{\"ammo\":0,\"label\":\"Nightstick\",\"components\":[],\"name\":\"WEAPON_NIGHTSTICK\"},{\"ammo\":0,\"label\":\"Crow bar\",\"components\":[],\"name\":\"WEAPON_CROWBAR\"},{\"ammo\":0,\"label\":\"AP pistol\",\"components\":[\"clip_default\"],\"name\":\"WEAPON_APPISTOL\"},{\"ammo\":0,\"label\":\"Advanced rifle\",\"components\":[\"clip_default\"],\"name\":\"WEAPON_ADVANCEDRIFLE\"},{\"ammo\":250,\"label\":\"Taser\",\"components\":[],\"name\":\"WEAPON_STUNGUN\"},{\"ammo\":0,\"label\":\"Flashlight\",\"components\":[],\"name\":\"WEAPON_FLASHLIGHT\"}]","{\"y\":-2391.5,\"z\":13.4,\"x\":-1432.1}","steam:11000010441bee9"]
2021-01-23T11:41:12.478Z: [esplugin_mysql] [2ms] UPDATE users SET `bank`=?, `money`=? WHERE `identifier`=? : [146200,0,"steam:11000010441bee9"]
2021-01-23T11:42:12.536Z: [esplugin_mysql] [1ms] UPDATE users SET `bank`=?, `money`=? WHERE `identifier`=? : [146200,0,"steam:11000010441bee9"]
2021-01-23T11:43:12.593Z: [esplugin_mysql] [2ms] UPDATE users SET `bank`=?, `money`=? WHERE `identifier`=? : [146200,0,"steam:11000010441bee9"]
2021-01-23T11:43:14.542Z: [manual] [3ms] SELECT mjenjac FROM owned_vehicles WHERE plate = ? : ["84CFJ531"]
2021-01-23T11:43:37.204Z: [manual] [2ms] SELECT mjenjac FROM owned_vehicles WHERE plate = ? : ["84CFJ531"]
2021-01-23T11:44:10.853Z: [es_extended] [8ms] UPDATE users SET `job` = ?, `money` = ?, `job_grade` = ?, `loadout` = ?, `position` = ? WHERE identifier = ? : ["police",0,3,"[{\"ammo\":0,\"label\":\"Nightstick\",\"components\":[],\"name\":\"WEAPON_NIGHTSTICK\"},{\"ammo\":0,\"label\":\"Crow bar\",\"components\":[],\"name\":\"WEAPON_CROWBAR\"},{\"ammo\":0,\"label\":\"AP pistol\",\"components\":[\"clip_default\"],\"name\":\"WEAPON_APPISTOL\"},{\"ammo\":0,\"label\":\"Advanced rifle\",\"components\":[\"clip_default\"],\"name\":\"WEAPON_ADVANCEDRIFLE\"},{\"ammo\":250,\"label\":\"Taser\",\"components\":[],\"name\":\"WEAPON_STUNGUN\"},{\"ammo\":0,\"label\":\"Flashlight\",\"components\":[],\"name\":\"WEAPON_FLASHLIGHT\"}]","{\"y\":-2425.0,\"z\":13.4,\"x\":-1442.4}","steam:11000010441bee9"]
2021-01-23T11:44:12.677Z: [esplugin_mysql] [1ms] UPDATE users SET `bank`=?, `money`=? WHERE `identifier`=? : [146200,0,"steam:11000010441bee9"]
2021-01-23T11:45:10.913Z: [xnTattoos] [2ms] SELECT tattoos FROM users WHERE identifier = ? : ["steam:11000010441bee9"]
2021-01-23T11:45:12.740Z: [esplugin_mysql] [1ms] UPDATE users SET `bank`=?, `money`=? WHERE `identifier`=? : [146200,0,"steam:11000010441bee9"]
2021-01-23T11:46:12.821Z: [esplugin_mysql] [2ms] UPDATE users SET `bank`=?, `money`=? WHERE `identifier`=? : [146200,0,"steam:11000010441bee9"]
2021-01-23T11:46:59.072Z: [manual] [2ms] SELECT mjenjac FROM owned_vehicles WHERE plate = ? : ["84CFJ531"]
2021-01-23T11:47:11.041Z: [es_extended] [2ms] SELECT job_name, name, salary FROM job_grades : []
2021-01-23T11:47:11.147Z: [es_extended] [1ms] SELECT kredit, rata, brplaca FROM users WHERE identifier = ? : ["steam:11000010441bee9"]
2021-01-23T11:47:11.255Z: [es_extended] [3ms] UPDATE users SET brplaca=? WHERE identifier=? : [163,"steam:11000010441bee9"]
2021-01-23T11:47:12.879Z: [esplugin_mysql] [1ms] UPDATE users SET `bank`=?, `money`=? WHERE `identifier`=? : [146200,0,"steam:11000010441bee9"]
2021-01-23T11:47:16.166Z: [esx_addonaccount] [2ms] UPDATE addon_account_data SET money = ? WHERE account_name = ? : [3580249,"society_police"]
2021-01-23T11:47:16.170Z: [es_extended] [6ms] SELECT * FROM billing WHERE identifier = ? : ["steam:11000010441bee9"]
2021-01-23T11:47:16.174Z: [esx_addonaccount] [10ms] UPDATE addon_account_data SET money = ? WHERE account_name = ? : [3580249,"society_police"]
2021-01-23T11:47:16.218Z: [es_extended] [1ms] UPDATE users SET `job` = ?, `money` = ?, `job_grade` = ?, `loadout` = ?, `position` = ? WHERE identifier = ? : ["police",0,3,"[{\"ammo\":0,\"label\":\"Nightstick\",\"components\":[],\"name\":\"WEAPON_NIGHTSTICK\"},{\"ammo\":0,\"label\":\"Crow bar\",\"components\":[],\"name\":\"WEAPON_CROWBAR\"},{\"ammo\":0,\"label\":\"AP pistol\",\"components\":[\"clip_default\"],\"name\":\"WEAPON_APPISTOL\"},{\"ammo\":0,\"label\":\"Advanced rifle\",\"components\":[\"clip_default\"],\"name\":\"WEAPON_ADVANCEDRIFLE\"},{\"ammo\":250,\"label\":\"Taser\",\"components\":[],\"name\":\"WEAPON_STUNGUN\"},{\"ammo\":0,\"label\":\"Flashlight\",\"components\":[],\"name\":\"WEAPON_FLASHLIGHT\"}]","{\"y\":-2425.0,\"z\":13.4,\"x\":-1442.4}","steam:11000010441bee9"]
2021-01-23T11:48:12.945Z: [esplugin_mysql] [3ms] UPDATE users SET `bank`=?, `money`=? WHERE `identifier`=? : [147500,0,"steam:11000010441bee9"]
2021-01-23T11:48:25.438Z: [prodajoruzje] [2ms] SELECT minute FROM minute WHERE identifier = ? : ["steam:11000010441bee9"]
2021-01-23T11:48:25.496Z: [prodajoruzje] [2ms] UPDATE minute SET minute = ? WHERE identifier = ? : [6645,"steam:11000010441bee9"]
2021-01-23T11:48:45.596Z: [manual] [2ms] SELECT mjenjac FROM owned_vehicles WHERE plate = ? : ["84CFJ531"]
2021-01-23T11:48:56.070Z: [manual] [2ms] SELECT mjenjac FROM owned_vehicles WHERE plate = ? : ["84CFJ531"]
2021-01-23T11:49:09.774Z: [manual] [2ms] SELECT mjenjac FROM owned_vehicles WHERE plate = ? : ["84CFJ531"]
2021-01-23T11:49:10.855Z: [es_extended] [3ms] UPDATE users SET `job` = ?, `money` = ?, `job_grade` = ?, `loadout` = ?, `position` = ? WHERE identifier = ? : ["police",0,3,"[{\"ammo\":0,\"label\":\"Nightstick\",\"components\":[],\"name\":\"WEAPON_NIGHTSTICK\"},{\"ammo\":0,\"label\":\"Crow bar\",\"components\":[],\"name\":\"WEAPON_CROWBAR\"},{\"ammo\":0,\"label\":\"AP pistol\",\"components\":[\"clip_default\"],\"name\":\"WEAPON_APPISTOL\"},{\"ammo\":0,\"label\":\"Advanced rifle\",\"components\":[\"clip_default\"],\"name\":\"WEAPON_ADVANCEDRIFLE\"},{\"ammo\":250,\"label\":\"Taser\",\"components\":[],\"name\":\"WEAPON_STUNGUN\"},{\"ammo\":0,\"label\":\"Flashlight\",\"components\":[],\"name\":\"WEAPON_FLASHLIGHT\"}]","{\"y\":-2415.2,\"z\":13.4,\"x\":-1437.1}","steam:11000010441bee9"]
2021-01-23T11:49:13.016Z: [esplugin_mysql] [2ms] UPDATE users SET `bank`=?, `money`=? WHERE `identifier`=? : [147500,0,"steam:11000010441bee9"]
2021-01-23T11:49:29.799Z: [manual] [2ms] SELECT mjenjac FROM owned_vehicles WHERE plate = ? : ["84CFJ531"]
2021-01-23T11:49:40.882Z: [manual] [2ms] SELECT mjenjac FROM owned_vehicles WHERE plate = ? : ["84CFJ531"]
2021-01-23T11:50:13.074Z: [esplugin_mysql] [1ms] UPDATE users SET `bank`=?, `money`=? WHERE `identifier`=? : [147500,0,"steam:11000010441bee9"]
2021-01-23T11:50:19.934Z: [xnTattoos] [2ms] SELECT tattoos FROM users WHERE identifier = ? : ["steam:11000010441bee9"]
2021-01-23T11:50:28.750Z: [manual] [4ms] SELECT mjenjac FROM owned_vehicles WHERE plate = ? : ["43GCE221"]
2021-01-23T11:50:33.953Z: [esx_vehicleshop] [2ms] SELECT 1 FROM owned_vehicles WHERE plate = ? : ["NKK 665"]
2021-01-23T11:50:34.060Z: [esx_vehicleshop] [4ms] SELECT 1 FROM owned_vehicles WHERE plate = ? : ["DEX 557"]
2021-01-23T11:50:35.555Z: [esx-races] [2ms] SELECT permission_level FROM users WHERE identifier = ? : ["steam:11000010441bee9"]
2021-01-23T11:50:39.672Z: [esx-races] [3ms] SELECT permission_level FROM users WHERE identifier = ? : ["steam:11000010441bee9"]
2021-01-23T11:50:41.526Z: [esx_vehicleshop] [3ms] SELECT 1 FROM owned_vehicles WHERE plate = ? : ["HUK 282"]
2021-01-23T11:50:41.632Z: [esx_vehicleshop] [3ms] SELECT 1 FROM owned_vehicles WHERE plate = ? : ["HLK 717"]
2021-01-23T11:50:41.685Z: [esx_vehicleshop] [6ms] SELECT 1 FROM owned_vehicles WHERE plate = ? : ["GDK 252"]
2021-01-23T11:50:41.691Z: [esx_vehicleshop] [9ms] INSERT INTO owned_vehicles (owner, plate, vehicle, mjenjac) VALUES (?, ?, ?, ?) : ["steam:11000010441bee9","GDK 252","{\"plateIndex\":0,\"plate\":\"GDK 252\",\"modVanityPlate\":-1,\"modTrimB\":-1,\"modOrnaments\":-1,\"modPlateHolder\":-1,\"modAerials\":-1,\"modEngineBlock\":-1,\"modXenon\":false,\"modHood\":-1,\"neonEnabled\":[false,false,false,false],\"modSpeakers\":-1,\"modHorns\":-1,\"modEngine\":-1,\"wheels\":0,\"color1\":0,\"modTrunk\":-1,\"color2\":0,\"modSeats\":-1,\"modSideSkirt\":-1,\"modSuspension\":-1,\"modLivery\":0,\"modTransmission\":-1,\"dirtLevel\":0.0,\"modFender\":-1,\"modSteeringWheel\":-1,\"modAPlate\":-1,\"modArchCover\":-1,\"health\":1000,\"modSpoilers\":-1,\"modTank\":-1,\"modHydrolic\":-1,\"modAirFilter\":-1,\"modFrontBumper\":-1,\"modGrille\":-1,\"windowTint\":-1,\"modTrimA\":-1,\"model\":433374210,\"modWindows\":-1,\"modDashboard\":-1,\"neonColor\":[255,0,255],\"modFrontWheels\":-1,\"modSmokeEnabled\":false,\"wheelColor\":156,\"modArmor\":-1,\"modRearBumper\":-1,\"modStruts\":-1,\"modRoof\":-1,\"fuel\":64.86798858642578,\"modTurbo\":false,\"modFrame\":-1,\"extras\":{\"11\":true},\"modBrakes\":-1,\"svijetlaColor\":255,\"modRightFender\":-1,\"modDoorSpeaker\":-1,\"modShifterLeavers\":-1,\"tyreSmokeColor\":[255,255,255],\"modDial\":-1,\"pearlescentColor\":31,\"modExhaust\":-1,\"modBackWheels\":-1}",2]
2021-01-23T11:50:42.452Z: [manual] [2ms] SELECT mjenjac FROM owned_vehicles WHERE plate = ? : ["43GCE221"]
2021-01-23T11:51:13.157Z: [esplugin_mysql] [3ms] UPDATE users SET `bank`=?, `money`=? WHERE `identifier`=? : [147500,4920000,"steam:11000010441bee9"]
2021-01-23T11:52:13.255Z: [esplugin_mysql] [1ms] UPDATE users SET `bank`=?, `money`=? WHERE `identifier`=? : [147500,4920000,"steam:11000010441bee9"]
2021-01-23T11:53:13.353Z: [esplugin_mysql] [1ms] UPDATE users SET `bank`=?, `money`=? WHERE `identifier`=? : [147500,4920000,"steam:11000010441bee9"]
2021-01-23T11:53:49.968Z: [prodajoruzje] [2ms] SELECT minute FROM minute WHERE identifier = ? : ["steam:11000010441bee9"]
2021-01-23T11:53:50.025Z: [prodajoruzje] [1ms] UPDATE minute SET minute = ? WHERE identifier = ? : [6650,"steam:11000010441bee9"]
2021-01-23T11:54:10.898Z: [es_extended] [3ms] UPDATE users SET `job` = ?, `money` = ?, `job_grade` = ?, `loadout` = ?, `position` = ? WHERE identifier = ? : ["police",4920000,3,"[{\"ammo\":0,\"label\":\"Nightstick\",\"components\":[],\"name\":\"WEAPON_NIGHTSTICK\"},{\"ammo\":0,\"label\":\"Crow bar\",\"components\":[],\"name\":\"WEAPON_CROWBAR\"},{\"ammo\":0,\"label\":\"AP pistol\",\"components\":[\"clip_default\"],\"name\":\"WEAPON_APPISTOL\"},{\"ammo\":0,\"label\":\"Advanced rifle\",\"components\":[\"clip_default\"],\"name\":\"WEAPON_ADVANCEDRIFLE\"},{\"ammo\":250,\"label\":\"Taser\",\"components\":[],\"name\":\"WEAPON_STUNGUN\"},{\"ammo\":0,\"label\":\"Flashlight\",\"components\":[],\"name\":\"WEAPON_FLASHLIGHT\"}]","{\"y\":-1128.6,\"z\":25.8,\"x\":-37.2}","steam:11000010441bee9"]
2021-01-23T11:54:11.257Z: [es_extended] [2ms] SELECT job_name, name, salary FROM job_grades : []
2021-01-23T11:54:11.362Z: [es_extended] [1ms] SELECT kredit, rata, brplaca FROM users WHERE identifier = ? : ["steam:11000010441bee9"]
2021-01-23T11:54:11.469Z: [es_extended] [3ms] UPDATE users SET brplaca=? WHERE identifier=? : [164,"steam:11000010441bee9"]
2021-01-23T11:54:13.453Z: [esplugin_mysql] [1ms] UPDATE users SET `bank`=?, `money`=? WHERE `identifier`=? : [147500,4920000,"steam:11000010441bee9"]
2021-01-23T11:54:16.402Z: [esx_addonaccount] [2ms] UPDATE addon_account_data SET money = ? WHERE account_name = ? : [3578949,"society_police"]
2021-01-23T11:54:16.409Z: [es_extended] [8ms] SELECT * FROM billing WHERE identifier = ? : ["steam:11000010441bee9"]
2021-01-23T11:54:16.414Z: [esx_addonaccount] [14ms] UPDATE addon_account_data SET money = ? WHERE account_name = ? : [3578949,"society_police"]
2021-01-23T11:54:16.457Z: [es_extended] [2ms] UPDATE users SET `job` = ?, `money` = ?, `job_grade` = ?, `loadout` = ?, `position` = ? WHERE identifier = ? : ["police",4920000,3,"[{\"ammo\":0,\"label\":\"Nightstick\",\"components\":[],\"name\":\"WEAPON_NIGHTSTICK\"},{\"ammo\":0,\"label\":\"Crow bar\",\"components\":[],\"name\":\"WEAPON_CROWBAR\"},{\"ammo\":0,\"label\":\"AP pistol\",\"components\":[\"clip_default\"],\"name\":\"WEAPON_APPISTOL\"},{\"ammo\":0,\"label\":\"Advanced rifle\",\"components\":[\"clip_default\"],\"name\":\"WEAPON_ADVANCEDRIFLE\"},{\"ammo\":250,\"label\":\"Taser\",\"components\":[],\"name\":\"WEAPON_STUNGUN\"},{\"ammo\":0,\"label\":\"Flashlight\",\"components\":[],\"name\":\"WEAPON_FLASHLIGHT\"}]","{\"y\":-1128.6,\"z\":25.8,\"x\":-37.2}","steam:11000010441bee9"]
2021-01-23T11:55:13.516Z: [esplugin_mysql] [3ms] UPDATE users SET `bank`=?, `money`=? WHERE `identifier`=? : [148800,4920000,"steam:11000010441bee9"]
2021-01-23T11:56:13.468Z: [xnTattoos] [2ms] SELECT tattoos FROM users WHERE identifier = ? : ["steam:11000010441bee9"]
2021-01-23T11:56:13.575Z: [esplugin_mysql] [2ms] UPDATE users SET `bank`=?, `money`=? WHERE `identifier`=? : [148800,4920000,"steam:11000010441bee9"]
2021-01-23T11:57:13.647Z: [esplugin_mysql] [1ms] UPDATE users SET `bank`=?, `money`=? WHERE `identifier`=? : [148800,4920000,"steam:11000010441bee9"]
2021-01-23T11:58:13.706Z: [esplugin_mysql] [2ms] UPDATE users SET `bank`=?, `money`=? WHERE `identifier`=? : [148800,4920000,"steam:11000010441bee9"]
2021-01-23T11:59:10.927Z: [es_extended] [1ms] UPDATE users SET `job` = ?, `money` = ?, `job_grade` = ?, `loadout` = ?, `position` = ? WHERE identifier = ? : ["police",4920000,3,"[{\"ammo\":0,\"label\":\"Nightstick\",\"components\":[],\"name\":\"WEAPON_NIGHTSTICK\"},{\"ammo\":0,\"label\":\"Crow bar\",\"components\":[],\"name\":\"WEAPON_CROWBAR\"},{\"ammo\":0,\"label\":\"AP pistol\",\"components\":[\"clip_default\"],\"name\":\"WEAPON_APPISTOL\"},{\"ammo\":0,\"label\":\"Advanced rifle\",\"components\":[\"clip_default\"],\"name\":\"WEAPON_ADVANCEDRIFLE\"},{\"ammo\":250,\"label\":\"Taser\",\"components\":[],\"name\":\"WEAPON_STUNGUN\"},{\"ammo\":0,\"label\":\"Flashlight\",\"components\":[],\"name\":\"WEAPON_FLASHLIGHT\"}]","{\"y\":-1128.6,\"z\":25.8,\"x\":-37.2}","steam:11000010441bee9"]
2021-01-23T11:59:13.774Z: [esplugin_mysql] [2ms] UPDATE users SET `bank`=?, `money`=? WHERE `identifier`=? : [148800,4920000,"steam:11000010441bee9"]
2021-01-23T12:00:07.364Z: [prodajoruzje] [1ms] SELECT minute FROM minute WHERE identifier = ? : ["steam:11000010441bee9"]
2021-01-23T12:00:07.418Z: [prodajoruzje] [1ms] UPDATE minute SET minute = ? WHERE identifier = ? : [6655,"steam:11000010441bee9"]
2021-01-23T12:00:13.851Z: [esplugin_mysql] [1ms] UPDATE users SET `bank`=?, `money`=? WHERE `identifier`=? : [148800,4920000,"steam:11000010441bee9"]
2021-01-23T12:01:11.498Z: [es_extended] [1ms] SELECT job_name, name, salary FROM job_grades : []
2021-01-23T12:01:11.603Z: [es_extended] [2ms] SELECT kredit, rata, brplaca FROM users WHERE identifier = ? : ["steam:11000010441bee9"]
2021-01-23T12:01:11.710Z: [es_extended] [3ms] UPDATE users SET brplaca=? WHERE identifier=? : [165,"steam:11000010441bee9"]
2021-01-23T12:01:13.943Z: [esplugin_mysql] [2ms] UPDATE users SET `bank`=?, `money`=? WHERE `identifier`=? : [148800,4920000,"steam:11000010441bee9"]
2021-01-23T12:01:16.636Z: [esx_addonaccount] [2ms] UPDATE addon_account_data SET money = ? WHERE account_name = ? : [3577649,"society_police"]
2021-01-23T12:01:16.642Z: [es_extended] [7ms] SELECT * FROM billing WHERE identifier = ? : ["steam:11000010441bee9"]
2021-01-23T12:01:16.646Z: [esx_addonaccount] [11ms] UPDATE addon_account_data SET money = ? WHERE account_name = ? : [3577649,"society_police"]
2021-01-23T12:01:16.688Z: [es_extended] [1ms] UPDATE users SET `job` = ?, `money` = ?, `job_grade` = ?, `loadout` = ?, `position` = ? WHERE identifier = ? : ["police",4920000,3,"[{\"ammo\":0,\"label\":\"Nightstick\",\"components\":[],\"name\":\"WEAPON_NIGHTSTICK\"},{\"ammo\":0,\"label\":\"Crow bar\",\"components\":[],\"name\":\"WEAPON_CROWBAR\"},{\"ammo\":0,\"label\":\"AP pistol\",\"components\":[\"clip_default\"],\"name\":\"WEAPON_APPISTOL\"},{\"ammo\":0,\"label\":\"Advanced rifle\",\"components\":[\"clip_default\"],\"name\":\"WEAPON_ADVANCEDRIFLE\"},{\"ammo\":250,\"label\":\"Taser\",\"components\":[],\"name\":\"WEAPON_STUNGUN\"},{\"ammo\":0,\"label\":\"Flashlight\",\"components\":[],\"name\":\"WEAPON_FLASHLIGHT\"}]","{\"y\":-1128.6,\"z\":25.8,\"x\":-37.2}","steam:11000010441bee9"]
2021-01-23T12:02:14.018Z: [esplugin_mysql] [4ms] UPDATE users SET `bank`=?, `money`=? WHERE `identifier`=? : [150100,4920000,"steam:11000010441bee9"]
2021-01-23T12:02:32.544Z: [xnTattoos] [2ms] SELECT tattoos FROM users WHERE identifier = ? : ["steam:11000010441bee9"]
2021-01-23T12:03:14.109Z: [esplugin_mysql] [1ms] UPDATE users SET `bank`=?, `money`=? WHERE `identifier`=? : [150100,4920000,"steam:11000010441bee9"]
2021-01-23T12:04:10.966Z: [es_extended] [1ms] UPDATE users SET `job` = ?, `money` = ?, `job_grade` = ?, `loadout` = ?, `position` = ? WHERE identifier = ? : ["police",4920000,3,"[{\"ammo\":0,\"label\":\"Nightstick\",\"components\":[],\"name\":\"WEAPON_NIGHTSTICK\"},{\"ammo\":0,\"label\":\"Crow bar\",\"components\":[],\"name\":\"WEAPON_CROWBAR\"},{\"ammo\":0,\"label\":\"AP pistol\",\"components\":[\"clip_default\"],\"name\":\"WEAPON_APPISTOL\"},{\"ammo\":0,\"label\":\"Advanced rifle\",\"components\":[\"clip_default\"],\"name\":\"WEAPON_ADVANCEDRIFLE\"},{\"ammo\":250,\"label\":\"Taser\",\"components\":[],\"name\":\"WEAPON_STUNGUN\"},{\"ammo\":0,\"label\":\"Flashlight\",\"components\":[],\"name\":\"WEAPON_FLASHLIGHT\"}]","{\"y\":-1128.6,\"z\":25.8,\"x\":-37.2}","steam:11000010441bee9"]
2021-01-23T12:04:14.204Z: [esplugin_mysql] [1ms] UPDATE users SET `bank`=?, `money`=? WHERE `identifier`=? : [150100,4920000,"steam:11000010441bee9"]
2021-01-23T12:05:14.279Z: [esplugin_mysql] [1ms] UPDATE users SET `bank`=?, `money`=? WHERE `identifier`=? : [150100,4920000,"steam:11000010441bee9"]
2021-01-23T12:06:14.365Z: [esplugin_mysql] [2ms] UPDATE users SET `bank`=?, `money`=? WHERE `identifier`=? : [150100,4920000,"steam:11000010441bee9"]
2021-01-23T12:06:26.310Z: [prodajoruzje] [1ms] SELECT minute FROM minute WHERE identifier = ? : ["steam:11000010441bee9"]
2021-01-23T12:06:26.366Z: [prodajoruzje] [1ms] UPDATE minute SET minute = ? WHERE identifier = ? : [6660,"steam:11000010441bee9"]
2021-01-23T12:07:14.433Z: [esplugin_mysql] [2ms] UPDATE users SET `bank`=?, `money`=? WHERE `identifier`=? : [150100,4920000,"steam:11000010441bee9"]
2021-01-23T12:08:11.753Z: [es_extended] [2ms] SELECT job_name, name, salary FROM job_grades : []
2021-01-23T12:08:11.860Z: [es_extended] [1ms] SELECT kredit, rata, brplaca FROM users WHERE identifier = ? : ["steam:11000010441bee9"]
2021-01-23T12:08:11.970Z: [es_extended] [4ms] UPDATE users SET brplaca=? WHERE identifier=? : [166,"steam:11000010441bee9"]
2021-01-23T12:08:14.512Z: [esplugin_mysql] [2ms] UPDATE users SET `bank`=?, `money`=? WHERE `identifier`=? : [150100,4920000,"steam:11000010441bee9"]
2021-01-23T12:08:16.904Z: [esx_addonaccount] [2ms] UPDATE addon_account_data SET money = ? WHERE account_name = ? : [3576349,"society_police"]
2021-01-23T12:08:16.910Z: [es_extended] [7ms] SELECT * FROM billing WHERE identifier = ? : ["steam:11000010441bee9"]
2021-01-23T12:08:16.914Z: [esx_addonaccount] [11ms] UPDATE addon_account_data SET money = ? WHERE account_name = ? : [3576349,"society_police"]
2021-01-23T12:08:16.956Z: [es_extended] [2ms] UPDATE users SET `job` = ?, `money` = ?, `job_grade` = ?, `loadout` = ?, `position` = ? WHERE identifier = ? : ["police",4920000,3,"[{\"ammo\":0,\"label\":\"Nightstick\",\"components\":[],\"name\":\"WEAPON_NIGHTSTICK\"},{\"ammo\":0,\"label\":\"Crow bar\",\"components\":[],\"name\":\"WEAPON_CROWBAR\"},{\"ammo\":0,\"label\":\"AP pistol\",\"components\":[\"clip_default\"],\"name\":\"WEAPON_APPISTOL\"},{\"ammo\":0,\"label\":\"Advanced rifle\",\"components\":[\"clip_default\"],\"name\":\"WEAPON_ADVANCEDRIFLE\"},{\"ammo\":250,\"label\":\"Taser\",\"components\":[],\"name\":\"WEAPON_STUNGUN\"},{\"ammo\":0,\"label\":\"Flashlight\",\"components\":[],\"name\":\"WEAPON_FLASHLIGHT\"}]","{\"y\":-1128.6,\"z\":25.8,\"x\":-37.2}","steam:11000010441bee9"]
2021-01-23T12:08:49.207Z: [xnTattoos] [2ms] SELECT tattoos FROM users WHERE identifier = ? : ["steam:11000010441bee9"]
2021-01-23T12:09:10.982Z: [es_extended] [2ms] UPDATE users SET `job` = ?, `money` = ?, `job_grade` = ?, `loadout` = ?, `position` = ? WHERE identifier = ? : ["police",4920000,3,"[{\"ammo\":0,\"label\":\"Nightstick\",\"components\":[],\"name\":\"WEAPON_NIGHTSTICK\"},{\"ammo\":0,\"label\":\"Crow bar\",\"components\":[],\"name\":\"WEAPON_CROWBAR\"},{\"ammo\":0,\"label\":\"AP pistol\",\"components\":[\"clip_default\"],\"name\":\"WEAPON_APPISTOL\"},{\"ammo\":0,\"label\":\"Advanced rifle\",\"components\":[\"clip_default\"],\"name\":\"WEAPON_ADVANCEDRIFLE\"},{\"ammo\":250,\"label\":\"Taser\",\"components\":[],\"name\":\"WEAPON_STUNGUN\"},{\"ammo\":0,\"label\":\"Flashlight\",\"components\":[],\"name\":\"WEAPON_FLASHLIGHT\"}]","{\"y\":-1128.6,\"z\":25.8,\"x\":-37.2}","steam:11000010441bee9"]
2021-01-23T12:09:14.588Z: [esplugin_mysql] [4ms] UPDATE users SET `bank`=?, `money`=? WHERE `identifier`=? : [151400,4920000,"steam:11000010441bee9"]
2021-01-23T12:10:14.677Z: [esplugin_mysql] [1ms] UPDATE users SET `bank`=?, `money`=? WHERE `identifier`=? : [151400,4920000,"steam:11000010441bee9"]
2021-01-23T12:11:14.746Z: [esplugin_mysql] [1ms] UPDATE users SET `bank`=?, `money`=? WHERE `identifier`=? : [151400,4920000,"steam:11000010441bee9"]
2021-01-23T12:12:14.805Z: [esplugin_mysql] [1ms] UPDATE users SET `bank`=?, `money`=? WHERE `identifier`=? : [151400,4920000,"steam:11000010441bee9"]
2021-01-23T12:12:42.354Z: [prodajoruzje] [2ms] SELECT minute FROM minute WHERE identifier = ? : ["steam:11000010441bee9"]
2021-01-23T12:12:42.410Z: [prodajoruzje] [1ms] UPDATE minute SET minute = ? WHERE identifier = ? : [6665,"steam:11000010441bee9"]
2021-01-23T12:13:14.857Z: [esplugin_mysql] [1ms] UPDATE users SET `bank`=?, `money`=? WHERE `identifier`=? : [151400,4920000,"steam:11000010441bee9"]
2021-01-23T12:14:11.020Z: [es_extended] [2ms] UPDATE users SET `job` = ?, `money` = ?, `job_grade` = ?, `loadout` = ?, `position` = ? WHERE identifier = ? : ["police",4920000,3,"[{\"ammo\":0,\"label\":\"Nightstick\",\"components\":[],\"name\":\"WEAPON_NIGHTSTICK\"},{\"ammo\":0,\"label\":\"Crow bar\",\"components\":[],\"name\":\"WEAPON_CROWBAR\"},{\"ammo\":0,\"label\":\"AP pistol\",\"components\":[\"clip_default\"],\"name\":\"WEAPON_APPISTOL\"},{\"ammo\":0,\"label\":\"Advanced rifle\",\"components\":[\"clip_default\"],\"name\":\"WEAPON_ADVANCEDRIFLE\"},{\"ammo\":250,\"label\":\"Taser\",\"components\":[],\"name\":\"WEAPON_STUNGUN\"},{\"ammo\":0,\"label\":\"Flashlight\",\"components\":[],\"name\":\"WEAPON_FLASHLIGHT\"}]","{\"y\":-1128.6,\"z\":25.8,\"x\":-37.2}","steam:11000010441bee9"]
2021-01-23T12:14:14.928Z: [esplugin_mysql] [1ms] UPDATE users SET `bank`=?, `money`=? WHERE `identifier`=? : [151400,4920000,"steam:11000010441bee9"]
2021-01-23T12:15:06.273Z: [xnTattoos] [2ms] SELECT tattoos FROM users WHERE identifier = ? : ["steam:11000010441bee9"]
2021-01-23T12:15:12.003Z: [es_extended] [2ms] SELECT job_name, name, salary FROM job_grades : []
2021-01-23T12:15:12.109Z: [es_extended] [2ms] SELECT kredit, rata, brplaca FROM users WHERE identifier = ? : ["steam:11000010441bee9"]
2021-01-23T12:15:12.219Z: [es_extended] [4ms] UPDATE users SET brplaca=? WHERE identifier=? : [167,"steam:11000010441bee9"]
2021-01-23T12:15:15.003Z: [esplugin_mysql] [2ms] UPDATE users SET `bank`=?, `money`=? WHERE `identifier`=? : [151400,4920000,"steam:11000010441bee9"]
2021-01-23T12:15:17.134Z: [esx_addonaccount] [2ms] UPDATE addon_account_data SET money = ? WHERE account_name = ? : [3575049,"society_police"]
2021-01-23T12:15:17.142Z: [es_extended] [9ms] SELECT * FROM billing WHERE identifier = ? : ["steam:11000010441bee9"]
2021-01-23T12:15:17.147Z: [esx_addonaccount] [15ms] UPDATE addon_account_data SET money = ? WHERE account_name = ? : [3575049,"society_police"]
2021-01-23T12:15:17.188Z: [es_extended] [2ms] UPDATE users SET `job` = ?, `money` = ?, `job_grade` = ?, `loadout` = ?, `position` = ? WHERE identifier = ? : ["police",4920000,3,"[{\"ammo\":0,\"label\":\"Nightstick\",\"components\":[],\"name\":\"WEAPON_NIGHTSTICK\"},{\"ammo\":0,\"label\":\"Crow bar\",\"components\":[],\"name\":\"WEAPON_CROWBAR\"},{\"ammo\":0,\"label\":\"AP pistol\",\"components\":[\"clip_default\"],\"name\":\"WEAPON_APPISTOL\"},{\"ammo\":0,\"label\":\"Advanced rifle\",\"components\":[\"clip_default\"],\"name\":\"WEAPON_ADVANCEDRIFLE\"},{\"ammo\":250,\"label\":\"Taser\",\"components\":[],\"name\":\"WEAPON_STUNGUN\"},{\"ammo\":0,\"label\":\"Flashlight\",\"components\":[],\"name\":\"WEAPON_FLASHLIGHT\"}]","{\"y\":-1128.6,\"z\":25.8,\"x\":-37.2}","steam:11000010441bee9"]
2021-01-23T12:16:15.100Z: [esplugin_mysql] [4ms] UPDATE users SET `bank`=?, `money`=? WHERE `identifier`=? : [152700,4920000,"steam:11000010441bee9"]
2021-01-23T12:17:15.175Z: [esplugin_mysql] [5ms] UPDATE users SET `bank`=?, `money`=? WHERE `identifier`=? : [152700,4920000,"steam:11000010441bee9"]
2021-01-23T12:18:15.228Z: [esplugin_mysql] [2ms] UPDATE users SET `bank`=?, `money`=? WHERE `identifier`=? : [152700,4920000,"steam:11000010441bee9"]
2021-01-23T12:18:48.000Z: [prodajoruzje] [2ms] SELECT minute FROM minute WHERE identifier = ? : ["steam:11000010441bee9"]
2021-01-23T12:18:48.056Z: [prodajoruzje] [1ms] UPDATE minute SET minute = ? WHERE identifier = ? : [6670,"steam:11000010441bee9"]
2021-01-23T12:19:11.047Z: [es_extended] [3ms] UPDATE users SET `job` = ?, `money` = ?, `job_grade` = ?, `loadout` = ?, `position` = ? WHERE identifier = ? : ["police",4920000,3,"[{\"ammo\":0,\"label\":\"Nightstick\",\"components\":[],\"name\":\"WEAPON_NIGHTSTICK\"},{\"ammo\":0,\"label\":\"Crow bar\",\"components\":[],\"name\":\"WEAPON_CROWBAR\"},{\"ammo\":0,\"label\":\"AP pistol\",\"components\":[\"clip_default\"],\"name\":\"WEAPON_APPISTOL\"},{\"ammo\":0,\"label\":\"Advanced rifle\",\"components\":[\"clip_default\"],\"name\":\"WEAPON_ADVANCEDRIFLE\"},{\"ammo\":250,\"label\":\"Taser\",\"components\":[],\"name\":\"WEAPON_STUNGUN\"},{\"ammo\":0,\"label\":\"Flashlight\",\"components\":[],\"name\":\"WEAPON_FLASHLIGHT\"}]","{\"y\":-1142.3,\"z\":28.9,\"x\":38.2}","steam:11000010441bee9"]
2021-01-23T12:19:15.317Z: [esplugin_mysql] [1ms] UPDATE users SET `bank`=?, `money`=? WHERE `identifier`=? : [152700,4920000,"steam:11000010441bee9"]
2021-01-23T12:19:15.940Z: [esx_addoninventory] [3ms] UPDATE addon_inventory_items SET count = ? WHERE inventory_name = ? AND name = ? : [2635,"society_ballas","cannabis"]
2021-01-23T12:19:33.126Z: [manual] [2ms] SELECT mjenjac FROM owned_vehicles WHERE plate = ? : ["GDK 252 "]
2021-01-23T12:20:15.410Z: [esplugin_mysql] [2ms] UPDATE users SET `bank`=?, `money`=? WHERE `identifier`=? : [152700,4920000,"steam:11000010441bee9"]
2021-01-23T12:20:45.752Z: [xnTattoos] [2ms] SELECT tattoos FROM users WHERE identifier = ? : ["steam:11000010441bee9"]
2021-01-23T12:21:15.493Z: [esplugin_mysql] [2ms] UPDATE users SET `bank`=?, `money`=? WHERE `identifier`=? : [152700,4920000,"steam:11000010441bee9"]
2021-01-23T12:22:12.255Z: [es_extended] [2ms] SELECT job_name, name, salary FROM job_grades : []
2021-01-23T12:22:12.362Z: [es_extended] [2ms] SELECT kredit, rata, brplaca FROM users WHERE identifier = ? : ["steam:11000010441bee9"]
2021-01-23T12:22:12.471Z: [es_extended] [3ms] UPDATE users SET brplaca=? WHERE identifier=? : [168,"steam:11000010441bee9"]
2021-01-23T12:22:15.581Z: [esplugin_mysql] [2ms] UPDATE users SET `bank`=?, `money`=? WHERE `identifier`=? : [152700,4920000,"steam:11000010441bee9"]
2021-01-23T12:22:17.368Z: [esx_addonaccount] [2ms] UPDATE addon_account_data SET money = ? WHERE account_name = ? : [3573749,"society_police"]
2021-01-23T12:22:17.373Z: [es_extended] [6ms] SELECT * FROM billing WHERE identifier = ? : ["steam:11000010441bee9"]
2021-01-23T12:22:17.377Z: [esx_addonaccount] [10ms] UPDATE addon_account_data SET money = ? WHERE account_name = ? : [3573749,"society_police"]
2021-01-23T12:22:17.421Z: [es_extended] [3ms] UPDATE users SET `job` = ?, `money` = ?, `job_grade` = ?, `loadout` = ?, `position` = ? WHERE identifier = ? : ["police",4920000,3,"[{\"ammo\":0,\"label\":\"Nightstick\",\"components\":[],\"name\":\"WEAPON_NIGHTSTICK\"},{\"ammo\":0,\"label\":\"Crow bar\",\"components\":[],\"name\":\"WEAPON_CROWBAR\"},{\"ammo\":0,\"label\":\"AP pistol\",\"components\":[\"clip_default\"],\"name\":\"WEAPON_APPISTOL\"},{\"ammo\":0,\"label\":\"Advanced rifle\",\"components\":[\"clip_default\"],\"name\":\"WEAPON_ADVANCEDRIFLE\"},{\"ammo\":250,\"label\":\"Taser\",\"components\":[],\"name\":\"WEAPON_STUNGUN\"},{\"ammo\":0,\"label\":\"Flashlight\",\"components\":[],\"name\":\"WEAPON_FLASHLIGHT\"}]","{\"y\":-1840.9,\"z\":30.7,\"x\":947.3}","steam:11000010441bee9"]
2021-01-23T12:23:00.049Z: [manual] [2ms] SELECT mjenjac FROM owned_vehicles WHERE plate = ? : ["GDK 252 "]
2021-01-23T12:23:15.660Z: [esplugin_mysql] [3ms] UPDATE users SET `bank`=?, `money`=? WHERE `identifier`=? : [154000,4920000,"steam:11000010441bee9"]
2021-01-23T12:24:11.054Z: [es_extended] [3ms] UPDATE users SET `job` = ?, `money` = ?, `job_grade` = ?, `loadout` = ?, `position` = ? WHERE identifier = ? : ["police",4920000,3,"[{\"ammo\":0,\"label\":\"Nightstick\",\"components\":[],\"name\":\"WEAPON_NIGHTSTICK\"},{\"ammo\":0,\"label\":\"Crow bar\",\"components\":[],\"name\":\"WEAPON_CROWBAR\"},{\"ammo\":0,\"label\":\"AP pistol\",\"components\":[\"clip_default\"],\"name\":\"WEAPON_APPISTOL\"},{\"ammo\":0,\"label\":\"Advanced rifle\",\"components\":[\"clip_default\"],\"name\":\"WEAPON_ADVANCEDRIFLE\"},{\"ammo\":250,\"label\":\"Taser\",\"components\":[],\"name\":\"WEAPON_STUNGUN\"},{\"ammo\":0,\"label\":\"Flashlight\",\"components\":[],\"name\":\"WEAPON_FLASHLIGHT\"}]","{\"y\":-1261.1,\"z\":26.0,\"x\":802.2}","steam:11000010441bee9"]
2021-01-23T12:24:15.729Z: [esplugin_mysql] [2ms] UPDATE users SET `bank`=?, `money`=? WHERE `identifier`=? : [154000,4920000,"steam:11000010441bee9"]
2021-01-23T12:24:26.975Z: [manual] [2ms] SELECT mjenjac FROM owned_vehicles WHERE plate = ? : ["GDK 252 "]
2021-01-23T12:24:45.474Z: [essentialmode] [1ms] SELECT * FROM users WHERE identifier = ? : ["steam:11000010441bee9"]
2021-01-23T12:24:45.966Z: [manual] [3ms] SELECT mjenjac FROM owned_vehicles WHERE plate = ? : ["22TZI638"]
2021-01-23T12:25:11.450Z: [manual] [2ms] SELECT mjenjac FROM owned_vehicles WHERE plate = ? : ["22TZI638"]
2021-01-23T12:25:15.823Z: [esplugin_mysql] [2ms] UPDATE users SET `bank`=?, `money`=? WHERE `identifier`=? : [154000,4920000,"steam:11000010441bee9"]
2021-01-23T12:25:33.653Z: [manual] [3ms] SELECT mjenjac FROM owned_vehicles WHERE plate = ? : ["GDK 252 "]
2021-01-23T12:25:51.249Z: [essentialmode] [1ms] SELECT * FROM users WHERE identifier = ? : ["steam:11000010441bee9"]
2021-01-23T12:25:53.821Z: [xnTattoos] [2ms] SELECT tattoos FROM users WHERE identifier = ? : ["steam:11000010441bee9"]
2021-01-23T12:25:56.020Z: [manual] [2ms] SELECT mjenjac FROM owned_vehicles WHERE plate = ? : ["22TZI638"]
